INFO - 2018-08-10 23:16:20 --> Config Class Initialized
INFO - 2018-08-10 23:16:20 --> Hooks Class Initialized
DEBUG - 2018-08-10 23:16:20 --> UTF-8 Support Enabled
INFO - 2018-08-10 23:16:20 --> Utf8 Class Initialized
INFO - 2018-08-10 23:16:20 --> URI Class Initialized
DEBUG - 2018-08-10 23:16:20 --> No URI present. Default controller set.
INFO - 2018-08-10 23:16:20 --> Router Class Initialized
INFO - 2018-08-10 23:16:20 --> Output Class Initialized
INFO - 2018-08-10 23:16:20 --> Security Class Initialized
DEBUG - 2018-08-10 23:16:20 --> Global POST, GET and COOKIE data sanitized
INFO - 2018-08-10 23:16:20 --> Input Class Initialized
INFO - 2018-08-10 23:16:20 --> Language Class Initialized
INFO - 2018-08-10 23:16:21 --> Loader Class Initialized
INFO - 2018-08-10 23:16:21 --> Helper loaded: url_helper
INFO - 2018-08-10 23:16:21 --> Helper loaded: form_helper
INFO - 2018-08-10 23:16:21 --> Helper loaded: html_helper
INFO - 2018-08-10 23:16:22 --> Database Driver Class Initialized
DEBUG - 2018-08-10 23:16:22 --> Session: "sess_save_path" is empty; using "session.save_path" value from php.ini.
INFO - 2018-08-10 23:16:22 --> Session: Class initialized using 'files' driver.
INFO - 2018-08-10 23:16:22 --> Parser Class Initialized
INFO - 2018-08-10 23:16:22 --> Controller Class Initialized
INFO - 2018-08-10 23:16:22 --> Model "Users_model" initialized
INFO - 2018-08-10 23:16:22 --> File loaded: C:\xampp\htdocs\CodeIgniter\application\views\users/layouts/header.php
INFO - 2018-08-10 23:16:22 --> File loaded: C:\xampp\htdocs\CodeIgniter\application\views\users/layouts/footer.php
INFO - 2018-08-10 23:16:22 --> File loaded: C:\xampp\htdocs\CodeIgniter\application\views\users/login_form.php
INFO - 2018-08-10 23:16:22 --> File loaded: C:\xampp\htdocs\CodeIgniter\application\views\users/layouts/template.php
INFO - 2018-08-10 23:16:22 --> Final output sent to browser
DEBUG - 2018-08-10 23:16:22 --> Total execution time: 2.2531
INFO - 2018-08-10 23:16:25 --> Config Class Initialized
INFO - 2018-08-10 23:16:25 --> Hooks Class Initialized
DEBUG - 2018-08-10 23:16:25 --> UTF-8 Support Enabled
INFO - 2018-08-10 23:16:25 --> Utf8 Class Initialized
INFO - 2018-08-10 23:16:25 --> URI Class Initialized
INFO - 2018-08-10 23:16:25 --> Router Class Initialized
INFO - 2018-08-10 23:16:25 --> Output Class Initialized
INFO - 2018-08-10 23:16:25 --> Security Class Initialized
DEBUG - 2018-08-10 23:16:25 --> Global POST, GET and COOKIE data sanitized
INFO - 2018-08-10 23:16:25 --> Input Class Initialized
INFO - 2018-08-10 23:16:25 --> Language Class Initialized
INFO - 2018-08-10 23:16:25 --> Loader Class Initialized
INFO - 2018-08-10 23:16:25 --> Helper loaded: url_helper
INFO - 2018-08-10 23:16:25 --> Helper loaded: form_helper
INFO - 2018-08-10 23:16:25 --> Helper loaded: html_helper
INFO - 2018-08-10 23:16:25 --> Database Driver Class Initialized
DEBUG - 2018-08-10 23:16:25 --> Session: "sess_save_path" is empty; using "session.save_path" value from php.ini.
INFO - 2018-08-10 23:16:25 --> Session: Class initialized using 'files' driver.
INFO - 2018-08-10 23:16:25 --> Parser Class Initialized
INFO - 2018-08-10 23:16:25 --> Controller Class Initialized
INFO - 2018-08-10 23:16:25 --> Model "Users_model" initialized
INFO - 2018-08-10 23:16:25 --> Signup...
INFO - 2018-08-10 23:16:25 --> File loaded: C:\xampp\htdocs\CodeIgniter\application\views\users/layouts/header.php
INFO - 2018-08-10 23:16:25 --> File loaded: C:\xampp\htdocs\CodeIgniter\application\views\users/layouts/footer.php
INFO - 2018-08-10 23:16:25 --> File loaded: C:\xampp\htdocs\CodeIgniter\application\views\users/signup_form.php
INFO - 2018-08-10 23:16:25 --> File loaded: C:\xampp\htdocs\CodeIgniter\application\views\users/layouts/template.php
INFO - 2018-08-10 23:16:25 --> Final output sent to browser
DEBUG - 2018-08-10 23:16:25 --> Total execution time: 0.0940
INFO - 2018-08-10 23:16:30 --> Config Class Initialized
INFO - 2018-08-10 23:16:30 --> Hooks Class Initialized
DEBUG - 2018-08-10 23:16:30 --> UTF-8 Support Enabled
INFO - 2018-08-10 23:16:30 --> Utf8 Class Initialized
INFO - 2018-08-10 23:16:30 --> URI Class Initialized
INFO - 2018-08-10 23:16:30 --> Router Class Initialized
INFO - 2018-08-10 23:16:30 --> Output Class Initialized
INFO - 2018-08-10 23:16:30 --> Security Class Initialized
DEBUG - 2018-08-10 23:16:30 --> Global POST, GET and COOKIE data sanitized
INFO - 2018-08-10 23:16:30 --> Input Class Initialized
INFO - 2018-08-10 23:16:30 --> Language Class Initialized
INFO - 2018-08-10 23:16:30 --> Loader Class Initialized
INFO - 2018-08-10 23:16:30 --> Helper loaded: url_helper
INFO - 2018-08-10 23:16:30 --> Helper loaded: form_helper
INFO - 2018-08-10 23:16:30 --> Helper loaded: html_helper
INFO - 2018-08-10 23:16:30 --> Database Driver Class Initialized
DEBUG - 2018-08-10 23:16:31 --> Session: "sess_save_path" is empty; using "session.save_path" value from php.ini.
INFO - 2018-08-10 23:16:31 --> Session: Class initialized using 'files' driver.
INFO - 2018-08-10 23:16:31 --> Parser Class Initialized
INFO - 2018-08-10 23:16:31 --> Controller Class Initialized
INFO - 2018-08-10 23:16:31 --> Model "Users_model" initialized
INFO - 2018-08-10 23:16:31 --> Form Validation Class Initialized
INFO - 2018-08-10 23:16:31 --> Validando...
INFO - 2018-08-10 23:16:31 --> Language file loaded: language/english/form_validation_lang.php
INFO - 2018-08-10 23:16:31 --> error en validacion...
INFO - 2018-08-10 23:16:31 --> File loaded: C:\xampp\htdocs\CodeIgniter\application\views\users/layouts/header.php
INFO - 2018-08-10 23:16:31 --> File loaded: C:\xampp\htdocs\CodeIgniter\application\views\users/layouts/footer.php
INFO - 2018-08-10 23:16:31 --> File loaded: C:\xampp\htdocs\CodeIgniter\application\views\users/signup_form.php
INFO - 2018-08-10 23:16:31 --> File loaded: C:\xampp\htdocs\CodeIgniter\application\views\users/layouts/template.php
INFO - 2018-08-10 23:16:31 --> Final output sent to browser
DEBUG - 2018-08-10 23:16:31 --> Total execution time: 0.1160
INFO - 2018-08-10 23:16:32 --> Config Class Initialized
INFO - 2018-08-10 23:16:32 --> Hooks Class Initialized
DEBUG - 2018-08-10 23:16:32 --> UTF-8 Support Enabled
INFO - 2018-08-10 23:16:32 --> Utf8 Class Initialized
INFO - 2018-08-10 23:16:32 --> URI Class Initialized
INFO - 2018-08-10 23:16:32 --> Router Class Initialized
INFO - 2018-08-10 23:16:32 --> Output Class Initialized
INFO - 2018-08-10 23:16:32 --> Security Class Initialized
DEBUG - 2018-08-10 23:16:32 --> Global POST, GET and COOKIE data sanitized
INFO - 2018-08-10 23:16:32 --> Input Class Initialized
INFO - 2018-08-10 23:16:32 --> Language Class Initialized
INFO - 2018-08-10 23:16:32 --> Loader Class Initialized
INFO - 2018-08-10 23:16:32 --> Helper loaded: url_helper
INFO - 2018-08-10 23:16:32 --> Helper loaded: form_helper
INFO - 2018-08-10 23:16:32 --> Helper loaded: html_helper
INFO - 2018-08-10 23:16:32 --> Database Driver Class Initialized
DEBUG - 2018-08-10 23:16:32 --> Session: "sess_save_path" is empty; using "session.save_path" value from php.ini.
INFO - 2018-08-10 23:16:32 --> Session: Class initialized using 'files' driver.
INFO - 2018-08-10 23:16:32 --> Parser Class Initialized
INFO - 2018-08-10 23:16:32 --> Controller Class Initialized
INFO - 2018-08-10 23:16:32 --> Model "Users_model" initialized
INFO - 2018-08-10 23:16:32 --> Signup...
INFO - 2018-08-10 23:16:32 --> File loaded: C:\xampp\htdocs\CodeIgniter\application\views\users/layouts/header.php
INFO - 2018-08-10 23:16:32 --> File loaded: C:\xampp\htdocs\CodeIgniter\application\views\users/layouts/footer.php
INFO - 2018-08-10 23:16:32 --> File loaded: C:\xampp\htdocs\CodeIgniter\application\views\users/signup_form.php
INFO - 2018-08-10 23:16:32 --> File loaded: C:\xampp\htdocs\CodeIgniter\application\views\users/layouts/template.php
INFO - 2018-08-10 23:16:32 --> Final output sent to browser
DEBUG - 2018-08-10 23:16:32 --> Total execution time: 0.0630
INFO - 2018-08-10 23:16:33 --> Config Class Initialized
INFO - 2018-08-10 23:16:33 --> Hooks Class Initialized
DEBUG - 2018-08-10 23:16:33 --> UTF-8 Support Enabled
INFO - 2018-08-10 23:16:33 --> Utf8 Class Initialized
INFO - 2018-08-10 23:16:33 --> URI Class Initialized
DEBUG - 2018-08-10 23:16:33 --> No URI present. Default controller set.
INFO - 2018-08-10 23:16:33 --> Router Class Initialized
INFO - 2018-08-10 23:16:33 --> Output Class Initialized
INFO - 2018-08-10 23:16:33 --> Security Class Initialized
DEBUG - 2018-08-10 23:16:33 --> Global POST, GET and COOKIE data sanitized
INFO - 2018-08-10 23:16:33 --> Input Class Initialized
INFO - 2018-08-10 23:16:33 --> Language Class Initialized
INFO - 2018-08-10 23:16:33 --> Loader Class Initialized
INFO - 2018-08-10 23:16:33 --> Helper loaded: url_helper
INFO - 2018-08-10 23:16:33 --> Helper loaded: form_helper
INFO - 2018-08-10 23:16:33 --> Helper loaded: html_helper
INFO - 2018-08-10 23:16:33 --> Database Driver Class Initialized
DEBUG - 2018-08-10 23:16:33 --> Session: "sess_save_path" is empty; using "session.save_path" value from php.ini.
INFO - 2018-08-10 23:16:33 --> Session: Class initialized using 'files' driver.
INFO - 2018-08-10 23:16:33 --> Parser Class Initialized
INFO - 2018-08-10 23:16:33 --> Controller Class Initialized
INFO - 2018-08-10 23:16:33 --> Model "Users_model" initialized
INFO - 2018-08-10 23:16:33 --> File loaded: C:\xampp\htdocs\CodeIgniter\application\views\users/layouts/header.php
INFO - 2018-08-10 23:16:33 --> File loaded: C:\xampp\htdocs\CodeIgniter\application\views\users/layouts/footer.php
INFO - 2018-08-10 23:16:33 --> File loaded: C:\xampp\htdocs\CodeIgniter\application\views\users/login_form.php
INFO - 2018-08-10 23:16:33 --> File loaded: C:\xampp\htdocs\CodeIgniter\application\views\users/layouts/template.php
INFO - 2018-08-10 23:16:33 --> Final output sent to browser
DEBUG - 2018-08-10 23:16:33 --> Total execution time: 0.0690
INFO - 2018-08-10 23:16:37 --> Config Class Initialized
INFO - 2018-08-10 23:16:37 --> Hooks Class Initialized
DEBUG - 2018-08-10 23:16:37 --> UTF-8 Support Enabled
INFO - 2018-08-10 23:16:37 --> Utf8 Class Initialized
INFO - 2018-08-10 23:16:37 --> URI Class Initialized
INFO - 2018-08-10 23:16:37 --> Router Class Initialized
INFO - 2018-08-10 23:16:37 --> Output Class Initialized
INFO - 2018-08-10 23:16:37 --> Security Class Initialized
DEBUG - 2018-08-10 23:16:37 --> Global POST, GET and COOKIE data sanitized
INFO - 2018-08-10 23:16:37 --> Input Class Initialized
INFO - 2018-08-10 23:16:37 --> Language Class Initialized
INFO - 2018-08-10 23:16:37 --> Loader Class Initialized
INFO - 2018-08-10 23:16:37 --> Helper loaded: url_helper
INFO - 2018-08-10 23:16:37 --> Helper loaded: form_helper
INFO - 2018-08-10 23:16:37 --> Helper loaded: html_helper
INFO - 2018-08-10 23:16:37 --> Database Driver Class Initialized
DEBUG - 2018-08-10 23:16:37 --> Session: "sess_save_path" is empty; using "session.save_path" value from php.ini.
INFO - 2018-08-10 23:16:37 --> Session: Class initialized using 'files' driver.
INFO - 2018-08-10 23:16:37 --> Parser Class Initialized
INFO - 2018-08-10 23:16:37 --> Controller Class Initialized
INFO - 2018-08-10 23:16:37 --> Model "Users_model" initialized
INFO - 2018-08-10 23:16:37 --> Entrando a validate_credentials con: {"username":"Jonlle","password":"d41d8cd98f00b204e9800998ecf8427e"}
INFO - 2018-08-10 23:16:37 --> query->num_rows: 0
INFO - 2018-08-10 23:16:37 --> File loaded: C:\xampp\htdocs\CodeIgniter\application\views\users/layouts/header.php
INFO - 2018-08-10 23:16:37 --> File loaded: C:\xampp\htdocs\CodeIgniter\application\views\users/layouts/footer.php
INFO - 2018-08-10 23:16:37 --> File loaded: C:\xampp\htdocs\CodeIgniter\application\views\users/wrong_credentials.php
INFO - 2018-08-10 23:16:37 --> File loaded: C:\xampp\htdocs\CodeIgniter\application\views\users/layouts/template.php
INFO - 2018-08-10 23:16:37 --> Final output sent to browser
DEBUG - 2018-08-10 23:16:37 --> Total execution time: 0.1250
INFO - 2018-08-10 23:16:38 --> Config Class Initialized
INFO - 2018-08-10 23:16:38 --> Hooks Class Initialized
DEBUG - 2018-08-10 23:16:38 --> UTF-8 Support Enabled
INFO - 2018-08-10 23:16:38 --> Utf8 Class Initialized
INFO - 2018-08-10 23:16:38 --> URI Class Initialized
INFO - 2018-08-10 23:16:38 --> Router Class Initialized
INFO - 2018-08-10 23:16:38 --> Output Class Initialized
INFO - 2018-08-10 23:16:38 --> Security Class Initialized
DEBUG - 2018-08-10 23:16:38 --> Global POST, GET and COOKIE data sanitized
INFO - 2018-08-10 23:16:38 --> Input Class Initialized
INFO - 2018-08-10 23:16:38 --> Language Class Initialized
INFO - 2018-08-10 23:16:38 --> Loader Class Initialized
INFO - 2018-08-10 23:16:38 --> Helper loaded: url_helper
INFO - 2018-08-10 23:16:38 --> Helper loaded: form_helper
INFO - 2018-08-10 23:16:38 --> Helper loaded: html_helper
INFO - 2018-08-10 23:16:38 --> Database Driver Class Initialized
DEBUG - 2018-08-10 23:16:38 --> Session: "sess_save_path" is empty; using "session.save_path" value from php.ini.
INFO - 2018-08-10 23:16:38 --> Session: Class initialized using 'files' driver.
INFO - 2018-08-10 23:16:38 --> Parser Class Initialized
INFO - 2018-08-10 23:16:38 --> Controller Class Initialized
INFO - 2018-08-10 23:16:38 --> Model "Users_model" initialized
INFO - 2018-08-10 23:16:38 --> File loaded: C:\xampp\htdocs\CodeIgniter\application\views\users/layouts/header.php
INFO - 2018-08-10 23:16:38 --> File loaded: C:\xampp\htdocs\CodeIgniter\application\views\users/layouts/footer.php
INFO - 2018-08-10 23:16:38 --> File loaded: C:\xampp\htdocs\CodeIgniter\application\views\users/login_form.php
INFO - 2018-08-10 23:16:38 --> File loaded: C:\xampp\htdocs\CodeIgniter\application\views\users/layouts/template.php
INFO - 2018-08-10 23:16:38 --> Final output sent to browser
DEBUG - 2018-08-10 23:16:38 --> Total execution time: 0.0630
INFO - 2018-08-10 23:16:44 --> Config Class Initialized
INFO - 2018-08-10 23:16:44 --> Hooks Class Initialized
DEBUG - 2018-08-10 23:16:44 --> UTF-8 Support Enabled
INFO - 2018-08-10 23:16:44 --> Utf8 Class Initialized
INFO - 2018-08-10 23:16:44 --> URI Class Initialized
INFO - 2018-08-10 23:16:44 --> Router Class Initialized
INFO - 2018-08-10 23:16:44 --> Output Class Initialized
INFO - 2018-08-10 23:16:44 --> Security Class Initialized
DEBUG - 2018-08-10 23:16:44 --> Global POST, GET and COOKIE data sanitized
INFO - 2018-08-10 23:16:44 --> Input Class Initialized
INFO - 2018-08-10 23:16:44 --> Language Class Initialized
INFO - 2018-08-10 23:16:44 --> Loader Class Initialized
INFO - 2018-08-10 23:16:44 --> Helper loaded: url_helper
INFO - 2018-08-10 23:16:44 --> Helper loaded: form_helper
INFO - 2018-08-10 23:16:44 --> Helper loaded: html_helper
INFO - 2018-08-10 23:16:44 --> Database Driver Class Initialized
DEBUG - 2018-08-10 23:16:44 --> Session: "sess_save_path" is empty; using "session.save_path" value from php.ini.
INFO - 2018-08-10 23:16:44 --> Session: Class initialized using 'files' driver.
INFO - 2018-08-10 23:16:44 --> Parser Class Initialized
INFO - 2018-08-10 23:16:44 --> Controller Class Initialized
INFO - 2018-08-10 23:16:44 --> Model "Users_model" initialized
INFO - 2018-08-10 23:16:44 --> Entrando a validate_credentials con: {"username":"Jonlle","password":"77369e37b2aa1404f416275183ab055f"}
INFO - 2018-08-10 23:16:44 --> query->num_rows: 1
INFO - 2018-08-10 23:16:44 --> Datos Usuario: [{"id":"1","first_name":"Jhonatan","last_name":"Llerena","username":"Jonlle","password":"77369e37b2aa1404f416275183ab055f","email_address":"llerena19@hotmail.com","role":"admin"}]
INFO - 2018-08-10 23:16:44 --> File loaded: C:\xampp\htdocs\CodeIgniter\application\views\users/layouts/header.php
INFO - 2018-08-10 23:16:44 --> File loaded: C:\xampp\htdocs\CodeIgniter\application\views\users/layouts/footer.php
INFO - 2018-08-10 23:16:44 --> File loaded: C:\xampp\htdocs\CodeIgniter\application\views\users/logged_in_area.php
INFO - 2018-08-10 23:16:44 --> File loaded: C:\xampp\htdocs\CodeIgniter\application\views\users/layouts/template.php
INFO - 2018-08-10 23:16:44 --> Final output sent to browser
DEBUG - 2018-08-10 23:16:44 --> Total execution time: 0.0770
INFO - 2018-08-10 23:16:46 --> Config Class Initialized
INFO - 2018-08-10 23:16:46 --> Hooks Class Initialized
DEBUG - 2018-08-10 23:16:46 --> UTF-8 Support Enabled
INFO - 2018-08-10 23:16:46 --> Utf8 Class Initialized
INFO - 2018-08-10 23:16:46 --> URI Class Initialized
INFO - 2018-08-10 23:16:46 --> Router Class Initialized
INFO - 2018-08-10 23:16:46 --> Output Class Initialized
INFO - 2018-08-10 23:16:46 --> Security Class Initialized
DEBUG - 2018-08-10 23:16:46 --> Global POST, GET and COOKIE data sanitized
INFO - 2018-08-10 23:16:46 --> Input Class Initialized
INFO - 2018-08-10 23:16:46 --> Language Class Initialized
INFO - 2018-08-10 23:16:46 --> Loader Class Initialized
INFO - 2018-08-10 23:16:46 --> Helper loaded: url_helper
INFO - 2018-08-10 23:16:46 --> Helper loaded: form_helper
INFO - 2018-08-10 23:16:46 --> Helper loaded: html_helper
INFO - 2018-08-10 23:16:46 --> Database Driver Class Initialized
DEBUG - 2018-08-10 23:16:46 --> Session: "sess_save_path" is empty; using "session.save_path" value from php.ini.
INFO - 2018-08-10 23:16:46 --> Session: Class initialized using 'files' driver.
INFO - 2018-08-10 23:16:46 --> Parser Class Initialized
INFO - 2018-08-10 23:16:46 --> Controller Class Initialized
INFO - 2018-08-10 23:16:46 --> Model "Users_model" initialized
INFO - 2018-08-10 23:16:46 --> mostrando lista de usuarios data: [{"id":"1","first_name":"Jhonatan","last_name":"Llerena","username":"Jonlle","password":"77369e37b2aa1404f416275183ab055f","email_address":"llerena19@hotmail.com","role":"admin"},{"id":"2","first_name":"Jennifer","last_name":"Cadiz","username":"JCadiz","password":"7d83de820beee9022b2521527078e722","email_address":"jen_cadiz@hotmail.com","role":"admin"}]
INFO - 2018-08-10 23:16:46 --> File loaded: C:\xampp\htdocs\CodeIgniter\application\views\users/layouts/header.php
INFO - 2018-08-10 23:16:46 --> File loaded: C:\xampp\htdocs\CodeIgniter\application\views\users/layouts/footer.php
INFO - 2018-08-10 23:16:46 --> File loaded: C:\xampp\htdocs\CodeIgniter\application\views\users/user.php
INFO - 2018-08-10 23:16:46 --> File loaded: C:\xampp\htdocs\CodeIgniter\application\views\users/layouts/template.php
INFO - 2018-08-10 23:16:46 --> Final output sent to browser
DEBUG - 2018-08-10 23:16:46 --> Total execution time: 0.0740
INFO - 2018-08-10 23:16:48 --> Config Class Initialized
INFO - 2018-08-10 23:16:48 --> Hooks Class Initialized
DEBUG - 2018-08-10 23:16:48 --> UTF-8 Support Enabled
INFO - 2018-08-10 23:16:48 --> Utf8 Class Initialized
INFO - 2018-08-10 23:16:48 --> URI Class Initialized
INFO - 2018-08-10 23:16:48 --> Router Class Initialized
INFO - 2018-08-10 23:16:48 --> Output Class Initialized
INFO - 2018-08-10 23:16:48 --> Security Class Initialized
DEBUG - 2018-08-10 23:16:48 --> Global POST, GET and COOKIE data sanitized
INFO - 2018-08-10 23:16:48 --> Input Class Initialized
INFO - 2018-08-10 23:16:48 --> Language Class Initialized
INFO - 2018-08-10 23:16:48 --> Loader Class Initialized
INFO - 2018-08-10 23:16:48 --> Helper loaded: url_helper
INFO - 2018-08-10 23:16:48 --> Helper loaded: form_helper
INFO - 2018-08-10 23:16:48 --> Helper loaded: html_helper
INFO - 2018-08-10 23:16:48 --> Database Driver Class Initialized
DEBUG - 2018-08-10 23:16:48 --> Session: "sess_save_path" is empty; using "session.save_path" value from php.ini.
INFO - 2018-08-10 23:16:48 --> Session: Class initialized using 'files' driver.
INFO - 2018-08-10 23:16:48 --> Parser Class Initialized
INFO - 2018-08-10 23:16:48 --> Controller Class Initialized
INFO - 2018-08-10 23:16:48 --> Model "Users_model" initialized
INFO - 2018-08-10 23:16:48 --> File loaded: C:\xampp\htdocs\CodeIgniter\application\views\users/edit.php
INFO - 2018-08-10 23:16:48 --> Final output sent to browser
DEBUG - 2018-08-10 23:16:48 --> Total execution time: 0.2290
INFO - 2018-08-10 23:16:50 --> Config Class Initialized
INFO - 2018-08-10 23:16:50 --> Hooks Class Initialized
DEBUG - 2018-08-10 23:16:50 --> UTF-8 Support Enabled
INFO - 2018-08-10 23:16:50 --> Utf8 Class Initialized
INFO - 2018-08-10 23:16:50 --> URI Class Initialized
INFO - 2018-08-10 23:16:50 --> Router Class Initialized
INFO - 2018-08-10 23:16:50 --> Output Class Initialized
INFO - 2018-08-10 23:16:50 --> Security Class Initialized
DEBUG - 2018-08-10 23:16:50 --> Global POST, GET and COOKIE data sanitized
INFO - 2018-08-10 23:16:50 --> Input Class Initialized
INFO - 2018-08-10 23:16:50 --> Language Class Initialized
INFO - 2018-08-10 23:16:50 --> Loader Class Initialized
INFO - 2018-08-10 23:16:50 --> Helper loaded: url_helper
INFO - 2018-08-10 23:16:50 --> Helper loaded: form_helper
INFO - 2018-08-10 23:16:50 --> Helper loaded: html_helper
INFO - 2018-08-10 23:16:50 --> Database Driver Class Initialized
DEBUG - 2018-08-10 23:16:50 --> Session: "sess_save_path" is empty; using "session.save_path" value from php.ini.
INFO - 2018-08-10 23:16:50 --> Session: Class initialized using 'files' driver.
INFO - 2018-08-10 23:16:50 --> Parser Class Initialized
INFO - 2018-08-10 23:16:50 --> Controller Class Initialized
INFO - 2018-08-10 23:16:50 --> Model "Users_model" initialized
INFO - 2018-08-10 23:16:51 --> File loaded: C:\xampp\htdocs\CodeIgniter\application\views\users/edit.php
INFO - 2018-08-10 23:16:51 --> Final output sent to browser
DEBUG - 2018-08-10 23:16:51 --> Total execution time: 0.6820
INFO - 2018-08-10 23:16:51 --> Config Class Initialized
INFO - 2018-08-10 23:16:51 --> Hooks Class Initialized
DEBUG - 2018-08-10 23:16:51 --> UTF-8 Support Enabled
INFO - 2018-08-10 23:16:51 --> Utf8 Class Initialized
INFO - 2018-08-10 23:16:51 --> URI Class Initialized
INFO - 2018-08-10 23:16:51 --> Router Class Initialized
INFO - 2018-08-10 23:16:51 --> Output Class Initialized
INFO - 2018-08-10 23:16:51 --> Security Class Initialized
DEBUG - 2018-08-10 23:16:51 --> Global POST, GET and COOKIE data sanitized
INFO - 2018-08-10 23:16:51 --> Input Class Initialized
INFO - 2018-08-10 23:16:51 --> Language Class Initialized
INFO - 2018-08-10 23:16:51 --> Loader Class Initialized
INFO - 2018-08-10 23:16:51 --> Helper loaded: url_helper
INFO - 2018-08-10 23:16:51 --> Helper loaded: form_helper
INFO - 2018-08-10 23:16:51 --> Helper loaded: html_helper
INFO - 2018-08-10 23:16:51 --> Database Driver Class Initialized
DEBUG - 2018-08-10 23:16:51 --> Session: "sess_save_path" is empty; using "session.save_path" value from php.ini.
INFO - 2018-08-10 23:16:51 --> Session: Class initialized using 'files' driver.
INFO - 2018-08-10 23:16:51 --> Parser Class Initialized
INFO - 2018-08-10 23:16:51 --> Controller Class Initialized
INFO - 2018-08-10 23:16:51 --> Model "Users_model" initialized
INFO - 2018-08-10 23:16:51 --> mostrando lista de usuarios data: [{"id":"1","first_name":"Jhonatan","last_name":"Llerena","username":"Jonlle","password":"77369e37b2aa1404f416275183ab055f","email_address":"llerena19@hotmail.com","role":"admin"},{"id":"2","first_name":"Jennifer","last_name":"Cadiz","username":"JCadiz","password":"7d83de820beee9022b2521527078e722","email_address":"jen_cadiz@hotmail.com","role":"admin"}]
INFO - 2018-08-10 23:16:51 --> File loaded: C:\xampp\htdocs\CodeIgniter\application\views\users/layouts/header.php
INFO - 2018-08-10 23:16:51 --> File loaded: C:\xampp\htdocs\CodeIgniter\application\views\users/layouts/footer.php
INFO - 2018-08-10 23:16:51 --> File loaded: C:\xampp\htdocs\CodeIgniter\application\views\users/user.php
INFO - 2018-08-10 23:16:51 --> File loaded: C:\xampp\htdocs\CodeIgniter\application\views\users/layouts/template.php
INFO - 2018-08-10 23:16:51 --> Final output sent to browser
DEBUG - 2018-08-10 23:16:51 --> Total execution time: 0.0800
INFO - 2018-08-10 23:16:56 --> Config Class Initialized
INFO - 2018-08-10 23:16:56 --> Hooks Class Initialized
DEBUG - 2018-08-10 23:16:56 --> UTF-8 Support Enabled
INFO - 2018-08-10 23:16:56 --> Utf8 Class Initialized
INFO - 2018-08-10 23:16:56 --> URI Class Initialized
INFO - 2018-08-10 23:16:56 --> Router Class Initialized
INFO - 2018-08-10 23:16:56 --> Output Class Initialized
INFO - 2018-08-10 23:16:56 --> Security Class Initialized
DEBUG - 2018-08-10 23:16:56 --> Global POST, GET and COOKIE data sanitized
INFO - 2018-08-10 23:16:56 --> Input Class Initialized
INFO - 2018-08-10 23:16:56 --> Language Class Initialized
INFO - 2018-08-10 23:16:56 --> Loader Class Initialized
INFO - 2018-08-10 23:16:56 --> Helper loaded: url_helper
INFO - 2018-08-10 23:16:56 --> Helper loaded: form_helper
INFO - 2018-08-10 23:16:56 --> Helper loaded: html_helper
INFO - 2018-08-10 23:16:56 --> Database Driver Class Initialized
DEBUG - 2018-08-10 23:16:56 --> Session: "sess_save_path" is empty; using "session.save_path" value from php.ini.
INFO - 2018-08-10 23:16:56 --> Session: Class initialized using 'files' driver.
INFO - 2018-08-10 23:16:56 --> Parser Class Initialized
INFO - 2018-08-10 23:16:56 --> Controller Class Initialized
INFO - 2018-08-10 23:16:56 --> Model "Users_model" initialized
INFO - 2018-08-10 23:16:56 --> Config Class Initialized
INFO - 2018-08-10 23:16:56 --> Hooks Class Initialized
DEBUG - 2018-08-10 23:16:56 --> UTF-8 Support Enabled
INFO - 2018-08-10 23:16:56 --> Utf8 Class Initialized
INFO - 2018-08-10 23:16:56 --> URI Class Initialized
DEBUG - 2018-08-10 23:16:56 --> No URI present. Default controller set.
INFO - 2018-08-10 23:16:56 --> Router Class Initialized
INFO - 2018-08-10 23:16:56 --> Output Class Initialized
INFO - 2018-08-10 23:16:56 --> Security Class Initialized
DEBUG - 2018-08-10 23:16:56 --> Global POST, GET and COOKIE data sanitized
INFO - 2018-08-10 23:16:56 --> Input Class Initialized
INFO - 2018-08-10 23:16:56 --> Language Class Initialized
INFO - 2018-08-10 23:16:56 --> Loader Class Initialized
INFO - 2018-08-10 23:16:56 --> Helper loaded: url_helper
INFO - 2018-08-10 23:16:56 --> Helper loaded: form_helper
INFO - 2018-08-10 23:16:56 --> Helper loaded: html_helper
INFO - 2018-08-10 23:16:56 --> Database Driver Class Initialized
DEBUG - 2018-08-10 23:16:56 --> Session: "sess_save_path" is empty; using "session.save_path" value from php.ini.
INFO - 2018-08-10 23:16:56 --> Session: Class initialized using 'files' driver.
INFO - 2018-08-10 23:16:56 --> Parser Class Initialized
INFO - 2018-08-10 23:16:56 --> Controller Class Initialized
INFO - 2018-08-10 23:16:56 --> Model "Users_model" initialized
INFO - 2018-08-10 23:16:56 --> File loaded: C:\xampp\htdocs\CodeIgniter\application\views\users/layouts/header.php
INFO - 2018-08-10 23:16:56 --> File loaded: C:\xampp\htdocs\CodeIgniter\application\views\users/layouts/footer.php
INFO - 2018-08-10 23:16:56 --> File loaded: C:\xampp\htdocs\CodeIgniter\application\views\users/login_form.php
INFO - 2018-08-10 23:16:56 --> File loaded: C:\xampp\htdocs\CodeIgniter\application\views\users/layouts/template.php
INFO - 2018-08-10 23:16:56 --> Final output sent to browser
DEBUG - 2018-08-10 23:16:56 --> Total execution time: 0.0640
